<?xml version="1.0" encoding="UTF-8"?>
<!-- Generated by org.testng.reporters.JUnitXMLReporter -->
<testsuite ignored="0" hostname="DESKTOP-TFUFUVK" failures="0" tests="13" name="Smoke - Critical APIs" time="37.061" errors="0" timestamp="2025-07-05T23:40:47 IST">
  <testcase classname="com.api.tests.CreateUserTests" name="testCreateUser_InvalidData_ShouldFail" time="2.528"/>
  <testcase classname="com.api.tests.CreateUserTests" name="testCreateUser_InvalidData_ShouldFail" time="1.484"/>
  <testcase classname="com.api.tests.CreateUserTests" name="testCreateUser_InvalidData_ShouldFail" time="1.493"/>
  <testcase classname="com.api.tests.CreateUserTests" name="testCreateUser_InvalidData_ShouldFail" time="1.56"/>
  <testcase classname="com.api.tests.CreateUserTests" name="testCreateUser_InvalidData_ShouldFail" time="1.739"/>
  <testcase classname="com.api.tests.CreateUserTests" name="testCreateUser_ValidData_ShouldSucceed" time="1.663"/>
  <testcase classname="com.api.tests.CreatePostTests" name="testCreatePost_ShouldSucceed" time="1.525"/>
  <testcase classname="com.api.tests.CreateCommentTests" name="testCreateComment_InvalidEmail_ShouldReturn422" time="1.567"/>
  <testcase classname="com.api.tests.CreateCommentTests" name="testCreateComment_InvalidPostId_ShouldReturn422" time="1.336"/>
  <testcase classname="com.api.tests.CreateCommentTests" name="testCreateComment_MissingBody_ShouldReturn422" time="5.466"/>
  <testcase classname="com.api.tests.CreateCommentTests" name="testCreateComment_MissingEmail_ShouldReturn422" time="4.46"/>
  <testcase classname="com.api.tests.CreateCommentTests" name="testCreateComment_MissingName_ShouldReturn422" time="1.758"/>
  <testcase classname="com.api.tests.CreateCommentTests" name="testCreateComment_ShouldSucceed" time="0.941"/>
</testsuite> <!-- Smoke - Critical APIs -->
