<?xml version="1.0" encoding="UTF-8"?>
<!-- Generated by org.testng.reporters.JUnitXMLReporter -->
<testsuite ignored="0" hostname="DESKTOP-TFUFUVK" failures="0" tests="40" name="🔍 All CRUD API Tests (Create + Get + Update + Delete)" time="57.078" errors="0" timestamp="2025-07-07T11:07:28 IST">
  <testcase classname="com.api.tests.CreateUserTests" name="testCreateUser_InvalidData_ShouldFail" time="1.838"/>
  <testcase classname="com.api.tests.CreateUserTests" name="testCreateUser_InvalidData_ShouldFail" time="0.673"/>
  <testcase classname="com.api.tests.CreateUserTests" name="testCreateUser_InvalidData_ShouldFail" time="0.622"/>
  <testcase classname="com.api.tests.CreateUserTests" name="testCreateUser_InvalidData_ShouldFail" time="0.559"/>
  <testcase classname="com.api.tests.CreateUserTests" name="testCreateUser_InvalidData_ShouldFail" time="0.889"/>
  <testcase classname="com.api.tests.CreateUserTests" name="testCreateUser_ValidData_ShouldSucceed" time="0.77"/>
  <testcase classname="com.api.tests.GetUserTests" name="testGetAllUsers_ShouldReturnUserList" time="0.639"/>
  <testcase classname="com.api.tests.GetUserTests" name="testGetSingleUser_InvalidId_ShouldReturn404" time="0.518"/>
  <testcase classname="com.api.tests.GetUserTests" name="testGetSingleUser_ValidId_ShouldReturnUser" time="0.882"/>
  <testcase classname="com.api.tests.UpdateUserTests" name="testUpdateUser_InvalidEmail_ShouldReturn422" time="1.593"/>
  <testcase classname="com.api.tests.UpdateUserTests" name="testUpdateUser_InvalidId_ShouldReturn404" time="0.735"/>
  <testcase classname="com.api.tests.UpdateUserTests" name="testUpdateUser_ValidData_ShouldSucceed" time="4.012"/>
  <testcase classname="com.api.tests.DeleteUserTests" name="testDeleteUser_InvalidId_ShouldReturn404" time="0.767"/>
  <testcase classname="com.api.tests.DeleteUserTests" name="testDeleteUser_Twice_ShouldReturn404OnSecondAttempt" time="4.841"/>
  <testcase classname="com.api.tests.DeleteUserTests" name="testDeleteUser_ValidId_ShouldSucceed" time="0.952"/>
  <testcase classname="com.api.tests.CreatePostTests" name="testCreatePost_ShouldSucceed" time="0.759"/>
  <testcase classname="com.api.tests.GetPostTests" name="testGetAllPosts_ShouldReturnList" time="0.835"/>
  <testcase classname="com.api.tests.GetPostTests" name="testGetPostById_ShouldReturnCorrectPost" time="0.544"/>
  <testcase classname="com.api.tests.GetPostTests" name="testGetPostByInvalidId_ShouldReturn404" time="0.677"/>
  <testcase classname="com.api.tests.UpdatePostTests" name="testUpdatePostWithEmptyPayload_ShouldReturn422" time="0.589"/>
  <testcase classname="com.api.tests.UpdatePostTests" name="testUpdatePostWithInvalidId_ShouldReturn404" time="0.325"/>
  <testcase classname="com.api.tests.UpdatePostTests" name="testUpdatePostWithoutAuthToken_ShouldReturn401or404" time="0.916"/>
  <testcase classname="com.api.tests.UpdatePostTests" name="testUpdatePost_ShouldSucceed" time="1.003"/>
  <testcase classname="com.api.tests.DeletePostTests" name="testDeletePostWithInvalidId_ShouldReturn404" time="0.562"/>
  <testcase classname="com.api.tests.DeletePostTests" name="testDeletePostWithoutAuthToken_ShouldReturnUnauthorizedOrNotFound" time="1.899"/>
  <testcase classname="com.api.tests.DeletePostTests" name="testDeletePost_ShouldSucceed" time="0.571"/>
  <testcase classname="com.api.tests.DeletePostTests" name="testDeletePostTwice_ShouldReturn404" time="0.786"/>
  <testcase classname="com.api.tests.DeletePostTests" name="testGetDeletedPost_ShouldReturn404" time="0.533"/>
  <testcase classname="com.api.tests.CreateCommentTests" name="testCreateComment_InvalidEmail_ShouldReturn422" time="0.983"/>
  <testcase classname="com.api.tests.CreateCommentTests" name="testCreateComment_InvalidPostId_ShouldReturn422" time="0.341"/>
  <testcase classname="com.api.tests.CreateCommentTests" name="testCreateComment_MissingBody_ShouldReturn422" time="0.894"/>
  <testcase classname="com.api.tests.CreateCommentTests" name="testCreateComment_MissingEmail_ShouldReturn422" time="0.693"/>
  <testcase classname="com.api.tests.CreateCommentTests" name="testCreateComment_MissingName_ShouldReturn422" time="0.727"/>
  <testcase classname="com.api.tests.CreateCommentTests" name="testCreateComment_ShouldSucceed" time="0.798"/>
  <testcase classname="com.api.tests.GetCommentTests" name="testGetAllCommentsForPost_ShouldReturnList" time="0.356"/>
  <testcase classname="com.api.tests.GetCommentTests" name="testGetCommentById_ShouldReturnCorrectComment" time="0.96"/>
  <testcase classname="com.api.tests.GetCommentTests" name="testGetCommentByInvalidId_ShouldReturn404" time="0.597"/>
  <testcase classname="com.api.tests.UpdateCommentTests" name="testUpdateComment_ShouldSucceed" time="0.792"/>
  <testcase classname="com.api.tests.DeleteCommentTests" name="testDeleteComment_ShouldReturn204" time="0.936"/>
  <testcase classname="com.api.tests.DeleteCommentTests" name="testDeleteCommentAgain_ShouldReturn404" time="0.887"/>
</testsuite> <!-- 🔍 All CRUD API Tests (Create + Get + Update + Delete) -->
