<?xml version="1.0" encoding="UTF-8"?>
<!-- Generated by org.testng.reporters.JUnitXMLReporter -->
<testsuite ignored="1" hostname="DESKTOP-TFUFUVK" failures="0" tests="2" name="🔐 Auth and Security Tests" time="1.141" errors="0" timestamp="2025-07-07T11:07:29 IST">
  <testcase classname="com.api.tests.security.AuthTokenNegativeTests" name="testInvalidToken_ShouldReturn401" time="0.619"/>
  <testcase classname="com.api.tests.security.AuthTokenNegativeTests" name="testMissingToken_ShouldReturn401" time="0.511"/>
  <testcase classname="com.api.tests.security.AuthTokenNegativeTests" name="testExpiredToken_ShouldReturn401or403" time="0.0">
    <ignored/>
  </testcase> <!-- testExpiredToken_ShouldReturn401or403 -->
</testsuite> <!-- 🔐 Auth and Security Tests -->
