<?xml version="1.0" encoding="UTF-8"?>
<testsuite xmlns:xsi="http://www.w3.org/2001/XMLSchema-instance" xsi:noNamespaceSchemaLocation="https://maven.apache.org/surefire/maven-surefire-plugin/xsd/surefire-test-report.xsd" version="3.0.2" name="TestSuite" time="66.701" tests="42" errors="0" skipped="0" failures="0">
  <properties>
[...]
</properties>
  <testcase name="testCreateUser_InvalidData_ShouldFail[, missing-name@yahoo.com, male, active, Missing name](1)" classname="com.api.tests.CreateUserTests" time="1.886">
    <system-out><![CDATA[
🚀 STARTING: testCreateUser_InvalidData_ShouldFail
]]></system-out>
  </testcase>
  <testcase name="testCreateUser_InvalidData_ShouldFail[Test User, , female, active, Missing email](2)" classname="com.api.tests.CreateUserTests" time="0.757">
    <system-out><![CDATA[✅ PASSED: testCreateUser_InvalidData_ShouldFail
--------------------------------------------------

🚀 STARTING: testCreateUser_InvalidData_ShouldFail
]]></system-out>
  </testcase>
  <testcase name="testCreateUser_InvalidData_ShouldFail[Test User, not-an-email, female, active, Invalid email format](3)" classname="com.api.tests.CreateUserTests" time="0.774">
    <system-out><![CDATA[✅ PASSED: testCreateUser_InvalidData_ShouldFail
--------------------------------------------------

🚀 STARTING: testCreateUser_InvalidData_ShouldFail
]]></system-out>
  </testcase>
  <testcase name="testCreateUser_InvalidData_ShouldFail[Test User, bad-gender@gmail.com, unknown, active, Invalid gender](4)" classname="com.api.tests.CreateUserTests" time="1.046">
    <system-out><![CDATA[✅ PASSED: testCreateUser_InvalidData_ShouldFail
--------------------------------------------------

🚀 STARTING: testCreateUser_InvalidData_ShouldFail
]]></system-out>
  </testcase>
  <testcase name="testCreateUser_InvalidData_ShouldFail[Test User, bad-status@yahoo.com, male, running, Invalid status](5)" classname="com.api.tests.CreateUserTests" time="1.036">
    <system-out><![CDATA[✅ PASSED: testCreateUser_InvalidData_ShouldFail
--------------------------------------------------

🚀 STARTING: testCreateUser_InvalidData_ShouldFail
]]></system-out>
  </testcase>
  <testcase name="testCreateUser_ValidData_ShouldSucceed" classname="com.api.tests.CreateUserTests" time="1.247">
    <system-out><![CDATA[✅ PASSED: testCreateUser_InvalidData_ShouldFail
--------------------------------------------------

🚀 STARTING: testCreateUser_ValidData_ShouldSucceed
]]></system-out>
  </testcase>
  <testcase name="testGetAllUsers_ShouldReturnUserList" classname="com.api.tests.GetUserTests" time="1.151">
    <system-out><![CDATA[✅ PASSED: testCreateUser_ValidData_ShouldSucceed
--------------------------------------------------

🚀 STARTING: testGetAllUsers_ShouldReturnUserList
]]></system-out>
  </testcase>
  <testcase name="testGetSingleUser_InvalidId_ShouldReturn404" classname="com.api.tests.GetUserTests" time="1.021">
    <system-out><![CDATA[✅ PASSED: testGetAllUsers_ShouldReturnUserList
--------------------------------------------------

🚀 STARTING: testGetSingleUser_InvalidId_ShouldReturn404
]]></system-out>
  </testcase>
  <testcase name="testGetSingleUser_ValidId_ShouldReturnUser" classname="com.api.tests.GetUserTests" time="1.385">
    <system-out><![CDATA[✅ PASSED: testGetSingleUser_InvalidId_ShouldReturn404
--------------------------------------------------

🚀 STARTING: testGetSingleUser_ValidId_ShouldReturnUser
]]></system-out>
  </testcase>
  <testcase name="testUpdateUser_InvalidEmail_ShouldReturn422" classname="com.api.tests.UpdateUserTests" time="2.1">
    <system-out><![CDATA[✅ PASSED: testGetSingleUser_ValidId_ShouldReturnUser
--------------------------------------------------

🚀 STARTING: testUpdateUser_InvalidEmail_ShouldReturn422
]]></system-out>
  </testcase>
  <testcase name="testUpdateUser_InvalidId_ShouldReturn404" classname="com.api.tests.UpdateUserTests" time="0.985">
    <system-out><![CDATA[✅ PASSED: testUpdateUser_InvalidEmail_ShouldReturn422
--------------------------------------------------

🚀 STARTING: testUpdateUser_InvalidId_ShouldReturn404
]]></system-out>
  </testcase>
  <testcase name="testUpdateUser_ValidData_ShouldSucceed" classname="com.api.tests.UpdateUserTests" time="2.077">
    <system-out><![CDATA[✅ PASSED: testUpdateUser_InvalidId_ShouldReturn404
--------------------------------------------------

🚀 STARTING: testUpdateUser_ValidData_ShouldSucceed
]]></system-out>
  </testcase>
  <testcase name="testDeleteUser_InvalidId_ShouldReturn404" classname="com.api.tests.DeleteUserTests" time="1.021">
    <system-out><![CDATA[✅ PASSED: testUpdateUser_ValidData_ShouldSucceed
--------------------------------------------------

🚀 STARTING: testDeleteUser_InvalidId_ShouldReturn404
]]></system-out>
  </testcase>
  <testcase name="testDeleteUser_Twice_ShouldReturn404OnSecondAttempt" classname="com.api.tests.DeleteUserTests" time="2.802">
    <system-out><![CDATA[✅ PASSED: testDeleteUser_InvalidId_ShouldReturn404
--------------------------------------------------

🚀 STARTING: testDeleteUser_Twice_ShouldReturn404OnSecondAttempt
]]></system-out>
  </testcase>
  <testcase name="testDeleteUser_ValidId_ShouldSucceed" classname="com.api.tests.DeleteUserTests" time="2.166">
    <system-out><![CDATA[✅ PASSED: testDeleteUser_Twice_ShouldReturn404OnSecondAttempt
--------------------------------------------------

🚀 STARTING: testDeleteUser_ValidId_ShouldSucceed
]]></system-out>
  </testcase>
  <testcase name="testCreatePost_ShouldSucceed" classname="com.api.tests.CreatePostTests" time="1.059">
    <system-out><![CDATA[✅ PASSED: testDeleteUser_ValidId_ShouldSucceed
--------------------------------------------------

🚀 STARTING: testCreatePost_ShouldSucceed
]]></system-out>
  </testcase>
  <testcase name="testGetAllPosts_ShouldReturnList" classname="com.api.tests.GetPostTests" time="1.08">
    <system-out><![CDATA[✅ PASSED: testCreatePost_ShouldSucceed
--------------------------------------------------

🚀 STARTING: testGetAllPosts_ShouldReturnList
]]></system-out>
  </testcase>
  <testcase name="testGetPostById_ShouldReturnCorrectPost" classname="com.api.tests.GetPostTests" time="1.198">
    <system-out><![CDATA[✅ PASSED: testGetAllPosts_ShouldReturnList
--------------------------------------------------

🚀 STARTING: testGetPostById_ShouldReturnCorrectPost
]]></system-out>
  </testcase>
  <testcase name="testGetPostByInvalidId_ShouldReturn404" classname="com.api.tests.GetPostTests" time="1.025">
    <system-out><![CDATA[✅ PASSED: testGetPostById_ShouldReturnCorrectPost
--------------------------------------------------

🚀 STARTING: testGetPostByInvalidId_ShouldReturn404
]]></system-out>
  </testcase>
  <testcase name="testUpdatePostWithEmptyPayload_ShouldReturn422" classname="com.api.tests.UpdatePostTests" time="0.74">
    <system-out><![CDATA[✅ PASSED: testGetPostByInvalidId_ShouldReturn404
--------------------------------------------------

🚀 STARTING: testUpdatePostWithEmptyPayload_ShouldReturn422
]]></system-out>
  </testcase>
  <testcase name="testUpdatePostWithInvalidId_ShouldReturn404" classname="com.api.tests.UpdatePostTests" time="0.98">
    <system-out><![CDATA[✅ PASSED: testUpdatePostWithEmptyPayload_ShouldReturn422
--------------------------------------------------

🚀 STARTING: testUpdatePostWithInvalidId_ShouldReturn404
]]></system-out>
  </testcase>
  <testcase name="testUpdatePostWithoutAuthToken_ShouldReturn401or404" classname="com.api.tests.UpdatePostTests" time="1.005">
    <system-out><![CDATA[✅ PASSED: testUpdatePostWithInvalidId_ShouldReturn404
--------------------------------------------------

🚀 STARTING: testUpdatePostWithoutAuthToken_ShouldReturn401or404
]]></system-out>
  </testcase>
  <testcase name="testUpdatePost_ShouldSucceed" classname="com.api.tests.UpdatePostTests" time="1.093">
    <system-out><![CDATA[✅ PASSED: testUpdatePostWithoutAuthToken_ShouldReturn401or404
--------------------------------------------------

🚀 STARTING: testUpdatePost_ShouldSucceed
]]></system-out>
  </testcase>
  <testcase name="testDeletePostWithInvalidId_ShouldReturn404" classname="com.api.tests.DeletePostTests" time="1.033">
    <system-out><![CDATA[✅ PASSED: testUpdatePost_ShouldSucceed
--------------------------------------------------

🚀 STARTING: testDeletePostWithInvalidId_ShouldReturn404
]]></system-out>
  </testcase>
  <testcase name="testDeletePostWithoutAuthToken_ShouldReturnUnauthorizedOrNotFound" classname="com.api.tests.DeletePostTests" time="2.048">
    <system-out><![CDATA[✅ PASSED: testDeletePostWithInvalidId_ShouldReturn404
--------------------------------------------------

🚀 STARTING: testDeletePostWithoutAuthToken_ShouldReturnUnauthorizedOrNotFound
]]></system-out>
  </testcase>
  <testcase name="testDeletePost_ShouldSucceed" classname="com.api.tests.DeletePostTests" time="1.07">
    <system-out><![CDATA[✅ PASSED: testDeletePostWithoutAuthToken_ShouldReturnUnauthorizedOrNotFound
--------------------------------------------------

🚀 STARTING: testDeletePost_ShouldSucceed
]]></system-out>
  </testcase>
  <testcase name="testDeletePostTwice_ShouldReturn404" classname="com.api.tests.DeletePostTests" time="1.07">
    <system-out><![CDATA[✅ PASSED: testDeletePost_ShouldSucceed
--------------------------------------------------

🚀 STARTING: testDeletePostTwice_ShouldReturn404
]]></system-out>
  </testcase>
  <testcase name="testGetDeletedPost_ShouldReturn404" classname="com.api.tests.DeletePostTests" time="1.007">
    <system-out><![CDATA[✅ PASSED: testDeletePostTwice_ShouldReturn404
--------------------------------------------------

🚀 STARTING: testGetDeletedPost_ShouldReturn404
]]></system-out>
  </testcase>
  <testcase name="testCreateComment_InvalidEmailFormat_ShouldFail" classname="com.api.tests.CreateCommentTests" time="1.031">
    <system-out><![CDATA[✅ PASSED: testGetDeletedPost_ShouldReturn404
--------------------------------------------------

🚀 STARTING: testCreateComment_InvalidEmailFormat_ShouldFail
]]></system-out>
  </testcase>
  <testcase name="testCreateComment_InvalidPostId_ShouldFail" classname="com.api.tests.CreateCommentTests" time="0.999">
    <system-out><![CDATA[✅ PASSED: testCreateComment_InvalidEmailFormat_ShouldFail
--------------------------------------------------

🚀 STARTING: testCreateComment_InvalidPostId_ShouldFail
]]></system-out>
  </testcase>
  <testcase name="testCreateComment_MissingBody_ShouldFail" classname="com.api.tests.CreateCommentTests" time="1.007">
    <system-out><![CDATA[✅ PASSED: testCreateComment_InvalidPostId_ShouldFail
--------------------------------------------------

🚀 STARTING: testCreateComment_MissingBody_ShouldFail
]]></system-out>
  </testcase>
  <testcase name="testCreateComment_MissingEmail_ShouldFail" classname="com.api.tests.CreateCommentTests" time="0.705">
    <system-out><![CDATA[✅ PASSED: testCreateComment_MissingBody_ShouldFail
--------------------------------------------------

🚀 STARTING: testCreateComment_MissingEmail_ShouldFail
]]></system-out>
  </testcase>
  <testcase name="testCreateComment_MissingName_ShouldFail" classname="com.api.tests.CreateCommentTests" time="0.755">
    <system-out><![CDATA[✅ PASSED: testCreateComment_MissingEmail_ShouldFail
--------------------------------------------------

🚀 STARTING: testCreateComment_MissingName_ShouldFail
]]></system-out>
  </testcase>
  <testcase name="testCreateComment_ValidData_ShouldSucceed" classname="com.api.tests.CreateCommentTests" time="0.754">
    <system-out><![CDATA[✅ PASSED: testCreateComment_MissingName_ShouldFail
--------------------------------------------------

🚀 STARTING: testCreateComment_ValidData_ShouldSucceed
]]></system-out>
  </testcase>
  <testcase name="testGetAllCommentsForPost_ShouldReturnList" classname="com.api.tests.GetCommentTests" time="1.04">
    <system-out><![CDATA[✅ PASSED: testCreateComment_ValidData_ShouldSucceed
--------------------------------------------------

🚀 STARTING: testGetAllCommentsForPost_ShouldReturnList
]]></system-out>
  </testcase>
  <testcase name="testGetCommentById_ShouldReturnCorrectComment" classname="com.api.tests.GetCommentTests" time="0.709">
    <system-out><![CDATA[✅ PASSED: testGetAllCommentsForPost_ShouldReturnList
--------------------------------------------------

🚀 STARTING: testGetCommentById_ShouldReturnCorrectComment
]]></system-out>
  </testcase>
  <testcase name="testGetCommentByInvalidId_ShouldReturn404" classname="com.api.tests.GetCommentTests" time="0.985">
    <system-out><![CDATA[✅ PASSED: testGetCommentById_ShouldReturnCorrectComment
--------------------------------------------------

🚀 STARTING: testGetCommentByInvalidId_ShouldReturn404
]]></system-out>
  </testcase>
  <testcase name="testUpdateComment_ShouldSucceed" classname="com.api.tests.UpdateCommentTests" time="1.048">
    <system-out><![CDATA[✅ PASSED: testGetCommentByInvalidId_ShouldReturn404
--------------------------------------------------

🚀 STARTING: testUpdateComment_ShouldSucceed
]]></system-out>
  </testcase>
  <testcase name="testDeleteComment_ShouldReturn204" classname="com.api.tests.DeleteCommentTests" time="0.547">
    <system-out><![CDATA[✅ PASSED: testUpdateComment_ShouldSucceed
--------------------------------------------------

🚀 STARTING: testDeleteComment_ShouldReturn204
]]></system-out>
  </testcase>
  <testcase name="testDeleteCommentAgain_ShouldReturn404" classname="com.api.tests.DeleteCommentTests" time="0.504">
    <system-out><![CDATA[✅ PASSED: testDeleteComment_ShouldReturn204
--------------------------------------------------

🚀 STARTING: testDeleteCommentAgain_ShouldReturn404
]]></system-out>
  </testcase>
  <testcase name="testInvalidToken_ShouldReturn401" classname="com.api.tests.security.AuthTokenNegativeTests" time="0.49">
    <system-out><![CDATA[✅ PASSED: testDeleteCommentAgain_ShouldReturn404
--------------------------------------------------

🚀 STARTING: testInvalidToken_ShouldReturn401
]]></system-out>
  </testcase>
  <testcase name="testMissingToken_ShouldReturn401Or404" classname="com.api.tests.security.AuthTokenNegativeTests" time="0.504">
    <system-out><![CDATA[✅ PASSED: testInvalidToken_ShouldReturn401
--------------------------------------------------

🚀 STARTING: testMissingToken_ShouldReturn401Or404
]]></system-out>
  </testcase>
</testsuite>