<?xml version="1.0" encoding="UTF-8"?>
<!-- Generated by org.testng.reporters.JUnitXMLReporter -->
<testsuite ignored="1" hostname="DESKTOP-TFUFUVK" failures="0" tests="13" name="Authentication and API Tests" time="19.18" errors="0" timestamp="2025-01-22T04:07:43 IST">
  <testcase classname="test.com.api.testng.tests.ImagesTest" name="testSearchImages" time="2.431"/>
  <testcase classname="test.com.api.testng.tests.BookingTest" name="testPingHealthCheck" time="2.617"/>
  <testcase classname="test.com.api.testng.tests.BookingTest" name="testAuthCreateToken" time="1.938"/>
  <testcase classname="test.com.api.testng.tests.BookingTest" name="testCreateBooking" time="1.467"/>
  <testcase classname="test.com.api.testng.tests.ImagesTest" name="testUploadImage" time="4.013"/>
  <testcase classname="test.com.api.testng.tests.BookingTest" name="testGetBookingDetails" time="1.228"/>
  <testcase classname="test.com.api.testng.tests.ImagesTest" name="testGetImageById" time="0.751"/>
  <testcase classname="test.com.api.testng.tests.BookingTest" name="testUpdateBooking" time="1.268"/>
  <testcase classname="test.com.api.testng.tests.BookingTest" name="testPartialUpdateBooking" time="1.248"/>
  <testcase classname="test.com.api.testng.tests.BookingTest" name="testDeleteBooking" time="1.234"/>
  <testcase classname="test.com.api.testng.tests.ImagesTest" name="testGetImageAnalysisById" time="10.071"/>
  <testcase classname="test.com.api.testng.tests.ImagesTest" name="testGetImages" time="0.78"/>
  <testcase classname="test.com.api.testng.tests.ImagesTest" name="testDeleteImage" time="0.73"/>
  <testcase classname="test.com.api.testng.base.ApiTestBase" name="@BeforeSuite setupBeforeSuite" time="0.0">
    <ignored/>
  </testcase> <!-- @BeforeSuite setupBeforeSuite -->
</testsuite> <!-- Authentication and API Tests -->
