<?xml version="1.0" encoding="UTF-8"?>
<testng-results ignored="0" total="6" passed="6" failed="0" skipped="0">
  <reporter-output>
  </reporter-output>
  <suite started-at="2025-01-25T09:04:41 IST" name="Default suite" finished-at="2025-01-25T09:04:50 IST" duration-ms="8683">
    <groups>
    </groups>
    <test started-at="2025-01-25T09:04:41 IST" name="Default test" finished-at="2025-01-25T09:04:50 IST" duration-ms="8683">
      <class name="test.com.api.testng.tests.ImagesTest">
        <test-method is-config="true" signature="setupBeforeSuite()[pri:0, instance:test.com.api.testng.tests.ImagesTest@47da3952]" started-at="2025-01-25T09:04:41 IST" name="setupBeforeSuite" finished-at="2025-01-25T09:04:41 IST" duration-ms="247" status="PASS">
          <reporter-output>
          </reporter-output>
        </test-method> <!-- setupBeforeSuite -->
        <test-method is-config="true" signature="setup()[pri:0, instance:test.com.api.testng.tests.ImagesTest@47da3952]" started-at="2025-01-25T09:04:41 IST" name="setup" finished-at="2025-01-25T09:04:42 IST" duration-ms="91" status="PASS">
          <reporter-output>
          </reporter-output>
        </test-method> <!-- setup -->
        <test-method signature="testSearchImages()[pri:1, instance:test.com.api.testng.tests.ImagesTest@47da3952]" started-at="2025-01-25T09:04:42 IST" name="testSearchImages" finished-at="2025-01-25T09:04:43 IST" duration-ms="1890" status="PASS">
          <reporter-output>
          </reporter-output>
        </test-method> <!-- testSearchImages -->
        <test-method signature="testUploadImage()[pri:2, instance:test.com.api.testng.tests.ImagesTest@47da3952]" started-at="2025-01-25T09:04:43 IST" name="testUploadImage" finished-at="2025-01-25T09:04:47 IST" depends-on-methods="test.com.api.testng.tests.ImagesTest.testSearchImages" duration-ms="3145" status="PASS">
          <reporter-output>
          </reporter-output>
        </test-method> <!-- testUploadImage -->
        <test-method signature="testGetImageById()[pri:3, instance:test.com.api.testng.tests.ImagesTest@47da3952]" started-at="2025-01-25T09:04:47 IST" name="testGetImageById" finished-at="2025-01-25T09:04:47 IST" depends-on-methods="test.com.api.testng.tests.ImagesTest.testUploadImage" duration-ms="761" status="PASS">
          <reporter-output>
          </reporter-output>
        </test-method> <!-- testGetImageById -->
        <test-method signature="testGetImageAnalysisById()[pri:4, instance:test.com.api.testng.tests.ImagesTest@47da3952]" started-at="2025-01-25T09:04:47 IST" name="testGetImageAnalysisById" finished-at="2025-01-25T09:04:49 IST" depends-on-methods="test.com.api.testng.tests.ImagesTest.testGetImageById" duration-ms="1254" status="PASS">
          <reporter-output>
          </reporter-output>
        </test-method> <!-- testGetImageAnalysisById -->
        <test-method signature="testGetImages()[pri:5, instance:test.com.api.testng.tests.ImagesTest@47da3952]" started-at="2025-01-25T09:04:49 IST" name="testGetImages" finished-at="2025-01-25T09:04:49 IST" depends-on-methods="test.com.api.testng.tests.ImagesTest.testGetImageAnalysisById" duration-ms="805" status="PASS">
          <reporter-output>
          </reporter-output>
        </test-method> <!-- testGetImages -->
        <test-method signature="testDeleteImage()[pri:6, instance:test.com.api.testng.tests.ImagesTest@47da3952]" started-at="2025-01-25T09:04:49 IST" name="testDeleteImage" finished-at="2025-01-25T09:04:50 IST" depends-on-methods="test.com.api.testng.tests.ImagesTest.testGetImages, test.com.api.testng.tests.ImagesTest.testUploadImage" duration-ms="649" status="PASS">
          <reporter-output>
          </reporter-output>
        </test-method> <!-- testDeleteImage -->
      </class> <!-- test.com.api.testng.tests.ImagesTest -->
    </test> <!-- Default test -->
  </suite> <!-- Default suite -->
</testng-results>
