<?xml version="1.0" encoding="UTF-8"?>
<testng-results ignored="0" total="13" passed="13" failed="0" skipped="0">
  <reporter-output>
  </reporter-output>
  <suite started-at="2025-01-22T04:07:24 IST" name="REST-Assured Suite" finished-at="2025-01-22T04:07:43 IST" duration-ms="19180">
    <groups>
    </groups>
    <test started-at="2025-01-22T04:07:24 IST" name="Authentication and API Tests" finished-at="2025-01-22T04:07:43 IST" duration-ms="19180">
      <class name="test.com.api.testng.tests.BookingTest">
        <test-method is-config="true" signature="setupBeforeSuite()[pri:0, instance:test.com.api.testng.tests.BookingTest@621f89b8]" started-at="2025-01-22T04:07:24 IST" name="setupBeforeSuite" finished-at="2025-01-22T04:07:24 IST" duration-ms="18" status="PASS">
          <reporter-output>
          </reporter-output>
        </test-method> <!-- setupBeforeSuite -->
        <test-method signature="testPingHealthCheck()[pri:1, instance:test.com.api.testng.tests.BookingTest@621f89b8]" started-at="2025-01-22T04:07:24 IST" name="testPingHealthCheck" finished-at="2025-01-22T04:07:27 IST" duration-ms="2617" status="PASS">
          <reporter-output>
          </reporter-output>
        </test-method> <!-- testPingHealthCheck -->
        <test-method signature="testAuthCreateToken()[pri:2, instance:test.com.api.testng.tests.BookingTest@621f89b8]" started-at="2025-01-22T04:07:27 IST" name="testAuthCreateToken" finished-at="2025-01-22T04:07:29 IST" depends-on-methods="test.com.api.testng.tests.BookingTest.testPingHealthCheck" duration-ms="1938" status="PASS">
          <reporter-output>
          </reporter-output>
        </test-method> <!-- testAuthCreateToken -->
        <test-method signature="testCreateBooking()[pri:3, instance:test.com.api.testng.tests.BookingTest@621f89b8]" started-at="2025-01-22T04:07:29 IST" name="testCreateBooking" finished-at="2025-01-22T04:07:30 IST" depends-on-methods="test.com.api.testng.tests.BookingTest.testAuthCreateToken" duration-ms="1467" status="PASS">
          <reporter-output>
          </reporter-output>
        </test-method> <!-- testCreateBooking -->
        <test-method signature="testGetBookingDetails()[pri:4, instance:test.com.api.testng.tests.BookingTest@621f89b8]" started-at="2025-01-22T04:07:30 IST" name="testGetBookingDetails" finished-at="2025-01-22T04:07:31 IST" depends-on-methods="test.com.api.testng.tests.BookingTest.testCreateBooking" duration-ms="1228" status="PASS">
          <reporter-output>
          </reporter-output>
        </test-method> <!-- testGetBookingDetails -->
        <test-method signature="testUpdateBooking()[pri:5, instance:test.com.api.testng.tests.BookingTest@621f89b8]" started-at="2025-01-22T04:07:31 IST" name="testUpdateBooking" finished-at="2025-01-22T04:07:33 IST" depends-on-methods="test.com.api.testng.tests.BookingTest.testCreateBooking" duration-ms="1268" status="PASS">
          <reporter-output>
          </reporter-output>
        </test-method> <!-- testUpdateBooking -->
        <test-method signature="testPartialUpdateBooking()[pri:6, instance:test.com.api.testng.tests.BookingTest@621f89b8]" started-at="2025-01-22T04:07:33 IST" name="testPartialUpdateBooking" finished-at="2025-01-22T04:07:34 IST" depends-on-methods="test.com.api.testng.tests.BookingTest.testCreateBooking" duration-ms="1248" status="PASS">
          <reporter-output>
          </reporter-output>
        </test-method> <!-- testPartialUpdateBooking -->
        <test-method signature="testDeleteBooking()[pri:7, instance:test.com.api.testng.tests.BookingTest@621f89b8]" started-at="2025-01-22T04:07:34 IST" name="testDeleteBooking" finished-at="2025-01-22T04:07:35 IST" depends-on-methods="test.com.api.testng.tests.BookingTest.testCreateBooking" duration-ms="1234" status="PASS">
          <reporter-output>
          </reporter-output>
        </test-method> <!-- testDeleteBooking -->
      </class> <!-- test.com.api.testng.tests.BookingTest -->
      <class name="test.com.api.testng.tests.ImagesTest">
        <test-method is-config="true" signature="setup()[pri:0, instance:test.com.api.testng.tests.ImagesTest@7e9da981]" started-at="2025-01-22T04:07:24 IST" name="setup" finished-at="2025-01-22T04:07:24 IST" duration-ms="253" status="PASS">
          <reporter-output>
          </reporter-output>
        </test-method> <!-- setup -->
        <test-method signature="testSearchImages()[pri:1, instance:test.com.api.testng.tests.ImagesTest@7e9da981]" started-at="2025-01-22T04:07:24 IST" name="testSearchImages" finished-at="2025-01-22T04:07:27 IST" duration-ms="2431" status="PASS">
          <reporter-output>
          </reporter-output>
        </test-method> <!-- testSearchImages -->
        <test-method signature="testUploadImage()[pri:2, instance:test.com.api.testng.tests.ImagesTest@7e9da981]" started-at="2025-01-22T04:07:27 IST" name="testUploadImage" finished-at="2025-01-22T04:07:31 IST" depends-on-methods="test.com.api.testng.tests.ImagesTest.testSearchImages" duration-ms="4013" status="PASS">
          <reporter-output>
          </reporter-output>
        </test-method> <!-- testUploadImage -->
        <test-method signature="testGetImageById()[pri:3, instance:test.com.api.testng.tests.ImagesTest@7e9da981]" started-at="2025-01-22T04:07:31 IST" name="testGetImageById" finished-at="2025-01-22T04:07:32 IST" depends-on-methods="test.com.api.testng.tests.ImagesTest.testUploadImage" duration-ms="751" status="PASS">
          <reporter-output>
          </reporter-output>
        </test-method> <!-- testGetImageById -->
        <test-method signature="testGetImageAnalysisById()[pri:4, instance:test.com.api.testng.tests.ImagesTest@7e9da981]" started-at="2025-01-22T04:07:32 IST" name="testGetImageAnalysisById" finished-at="2025-01-22T04:07:42 IST" depends-on-methods="test.com.api.testng.tests.ImagesTest.testGetImageById" duration-ms="10071" status="PASS">
          <reporter-output>
          </reporter-output>
        </test-method> <!-- testGetImageAnalysisById -->
        <test-method signature="testGetImages()[pri:5, instance:test.com.api.testng.tests.ImagesTest@7e9da981]" started-at="2025-01-22T04:07:42 IST" name="testGetImages" finished-at="2025-01-22T04:07:42 IST" depends-on-methods="test.com.api.testng.tests.ImagesTest.testGetImageAnalysisById" duration-ms="780" status="PASS">
          <reporter-output>
          </reporter-output>
        </test-method> <!-- testGetImages -->
        <test-method signature="testDeleteImage()[pri:6, instance:test.com.api.testng.tests.ImagesTest@7e9da981]" started-at="2025-01-22T04:07:42 IST" name="testDeleteImage" finished-at="2025-01-22T04:07:43 IST" depends-on-methods="test.com.api.testng.tests.ImagesTest.testGetImages, test.com.api.testng.tests.ImagesTest.testUploadImage" duration-ms="730" status="PASS">
          <reporter-output>
          </reporter-output>
        </test-method> <!-- testDeleteImage -->
      </class> <!-- test.com.api.testng.tests.ImagesTest -->
    </test> <!-- Authentication and API Tests -->
  </suite> <!-- REST-Assured Suite -->
</testng-results>
