<?xml version="1.0" encoding="UTF-8"?>
<!-- Generated by org.testng.reporters.JUnitXMLReporter -->
<testsuite ignored="11" hostname="DESKTOP-TFUFUVK" failures="0" tests="40" name="🔍 All CRUD API Tests (Create + Get + Update + Delete)" time="64.624" errors="0" timestamp="2025-07-09T02:34:37 IST">
  <testcase classname="com.api.tests.CreateUserTests" name="testCreateUser_InvalidData_ShouldFail" time="1.882"/>
  <testcase classname="com.api.tests.CreateUserTests" name="testCreateUser_InvalidData_ShouldFail" time="0.756"/>
  <testcase classname="com.api.tests.CreateUserTests" name="testCreateUser_InvalidData_ShouldFail" time="0.774"/>
  <testcase classname="com.api.tests.CreateUserTests" name="testCreateUser_InvalidData_ShouldFail" time="1.046"/>
  <testcase classname="com.api.tests.CreateUserTests" name="testCreateUser_InvalidData_ShouldFail" time="1.037"/>
  <testcase classname="com.api.tests.CreateUserTests" name="testCreateUser_ValidData_ShouldSucceed" time="1.247"/>
  <testcase classname="com.api.tests.GetUserTests" name="testGetAllUsers_ShouldReturnUserList" time="1.149"/>
  <testcase classname="com.api.tests.GetUserTests" name="testGetSingleUser_InvalidId_ShouldReturn404" time="1.02"/>
  <testcase classname="com.api.tests.GetUserTests" name="testGetSingleUser_ValidId_ShouldReturnUser" time="1.382"/>
  <testcase classname="com.api.tests.UpdateUserTests" name="testUpdateUser_InvalidEmail_ShouldReturn422" time="2.101"/>
  <testcase classname="com.api.tests.UpdateUserTests" name="testUpdateUser_InvalidId_ShouldReturn404" time="0.986"/>
  <testcase classname="com.api.tests.UpdateUserTests" name="testUpdateUser_ValidData_ShouldSucceed" time="2.076"/>
  <testcase classname="com.api.tests.DeleteUserTests" name="testDeleteUser_InvalidId_ShouldReturn404" time="1.02"/>
  <testcase classname="com.api.tests.DeleteUserTests" name="testDeleteUser_Twice_ShouldReturn404OnSecondAttempt" time="2.801"/>
  <testcase classname="com.api.tests.DeleteUserTests" name="testDeleteUser_ValidId_ShouldSucceed" time="2.166"/>
  <testcase classname="com.api.tests.CreatePostTests" name="testCreatePost_ShouldSucceed" time="1.055"/>
  <testcase classname="com.api.tests.GetPostTests" name="testGetAllPosts_ShouldReturnList" time="1.078"/>
  <testcase classname="com.api.tests.GetPostTests" name="testGetPostById_ShouldReturnCorrectPost" time="1.198"/>
  <testcase classname="com.api.tests.GetPostTests" name="testGetPostByInvalidId_ShouldReturn404" time="1.025"/>
  <testcase classname="com.api.tests.UpdatePostTests" name="testUpdatePostWithEmptyPayload_ShouldReturn422" time="0.739"/>
  <testcase classname="com.api.tests.UpdatePostTests" name="testUpdatePostWithInvalidId_ShouldReturn404" time="0.98"/>
  <testcase classname="com.api.tests.UpdatePostTests" name="testUpdatePostWithoutAuthToken_ShouldReturn401or404" time="1.005"/>
  <testcase classname="com.api.tests.UpdatePostTests" name="testUpdatePost_ShouldSucceed" time="1.093"/>
  <testcase classname="com.api.tests.DeletePostTests" name="testDeletePostWithInvalidId_ShouldReturn404" time="1.033"/>
  <testcase classname="com.api.tests.DeletePostTests" name="testDeletePostWithoutAuthToken_ShouldReturnUnauthorizedOrNotFound" time="2.048"/>
  <testcase classname="com.api.tests.DeletePostTests" name="testDeletePost_ShouldSucceed" time="1.073"/>
  <testcase classname="com.api.tests.DeletePostTests" name="testDeletePostTwice_ShouldReturn404" time="1.072"/>
  <testcase classname="com.api.tests.DeletePostTests" name="testGetDeletedPost_ShouldReturn404" time="1.008"/>
  <testcase classname="com.api.tests.CreateCommentTests" name="testCreateComment_InvalidEmailFormat_ShouldFail" time="1.03"/>
  <testcase classname="com.api.tests.CreateCommentTests" name="testCreateComment_InvalidPostId_ShouldFail" time="1.001"/>
  <testcase classname="com.api.tests.CreateCommentTests" name="testCreateComment_MissingBody_ShouldFail" time="1.007"/>
  <testcase classname="com.api.tests.CreateCommentTests" name="testCreateComment_MissingEmail_ShouldFail" time="0.704"/>
  <testcase classname="com.api.tests.CreateCommentTests" name="testCreateComment_MissingName_ShouldFail" time="0.756"/>
  <testcase classname="com.api.tests.CreateCommentTests" name="testCreateComment_ValidData_ShouldSucceed" time="0.753"/>
  <testcase classname="com.api.tests.GetCommentTests" name="testGetAllCommentsForPost_ShouldReturnList" time="1.04"/>
  <testcase classname="com.api.tests.GetCommentTests" name="testGetCommentById_ShouldReturnCorrectComment" time="0.709"/>
  <testcase classname="com.api.tests.GetCommentTests" name="testGetCommentByInvalidId_ShouldReturn404" time="0.991"/>
  <testcase classname="com.api.tests.UpdateCommentTests" name="testUpdateComment_ShouldSucceed" time="1.047"/>
  <testcase classname="com.api.tests.DeleteCommentTests" name="testDeleteComment_ShouldReturn204" time="0.547"/>
  <testcase classname="com.api.tests.DeleteCommentTests" name="testDeleteCommentAgain_ShouldReturn404" time="0.504"/>
  <testcase classname="com.api.tests.base.BaseTest" name="@BeforeSuite generateAllureEnvironment" time="0.0">
    <ignored/>
  </testcase> <!-- @BeforeSuite generateAllureEnvironment -->
  <testcase classname="com.api.tests.base.BaseTest" name="@BeforeSuite generateAllureEnvironment" time="0.0">
    <ignored/>
  </testcase> <!-- @BeforeSuite generateAllureEnvironment -->
  <testcase classname="com.api.tests.base.BaseTest" name="@BeforeSuite generateAllureEnvironment" time="0.0">
    <ignored/>
  </testcase> <!-- @BeforeSuite generateAllureEnvironment -->
  <testcase classname="com.api.tests.base.BaseTest" name="@BeforeSuite generateAllureEnvironment" time="0.0">
    <ignored/>
  </testcase> <!-- @BeforeSuite generateAllureEnvironment -->
  <testcase classname="com.api.tests.base.BaseTest" name="@BeforeSuite generateAllureEnvironment" time="0.0">
    <ignored/>
  </testcase> <!-- @BeforeSuite generateAllureEnvironment -->
  <testcase classname="com.api.tests.base.BaseTest" name="@BeforeSuite generateAllureEnvironment" time="0.0">
    <ignored/>
  </testcase> <!-- @BeforeSuite generateAllureEnvironment -->
  <testcase classname="com.api.tests.base.BaseTest" name="@BeforeSuite generateAllureEnvironment" time="0.0">
    <ignored/>
  </testcase> <!-- @BeforeSuite generateAllureEnvironment -->
  <testcase classname="com.api.tests.base.BaseTest" name="@BeforeSuite generateAllureEnvironment" time="0.0">
    <ignored/>
  </testcase> <!-- @BeforeSuite generateAllureEnvironment -->
  <testcase classname="com.api.tests.base.BaseTest" name="@BeforeSuite generateAllureEnvironment" time="0.0">
    <ignored/>
  </testcase> <!-- @BeforeSuite generateAllureEnvironment -->
  <testcase classname="com.api.tests.base.BaseTest" name="@BeforeSuite generateAllureEnvironment" time="0.0">
    <ignored/>
  </testcase> <!-- @BeforeSuite generateAllureEnvironment -->
  <testcase classname="com.api.tests.base.BaseTest" name="@BeforeSuite generateAllureEnvironment" time="0.0">
    <ignored/>
  </testcase> <!-- @BeforeSuite generateAllureEnvironment -->
</testsuite> <!-- 🔍 All CRUD API Tests (Create + Get + Update + Delete) -->
