<?xml version="1.0" encoding="UTF-8"?>
<!-- Generated by org.testng.reporters.JUnitXMLReporter -->
<testsuite ignored="11" hostname="DESKTOP-TFUFUVK" failures="0" tests="40" name="🔍 All CRUD API Tests (Create + Get + Update + Delete)" time="64.844" errors="0" timestamp="2025-07-08T22:54:55 IST">
  <testcase classname="com.api.tests.CreateUserTests" name="testCreateUser_InvalidData_ShouldFail" time="1.859"/>
  <testcase classname="com.api.tests.CreateUserTests" name="testCreateUser_InvalidData_ShouldFail" time="1.054"/>
  <testcase classname="com.api.tests.CreateUserTests" name="testCreateUser_InvalidData_ShouldFail" time="1.045"/>
  <testcase classname="com.api.tests.CreateUserTests" name="testCreateUser_InvalidData_ShouldFail" time="1.424"/>
  <testcase classname="com.api.tests.CreateUserTests" name="testCreateUser_InvalidData_ShouldFail" time="1.227"/>
  <testcase classname="com.api.tests.CreateUserTests" name="testCreateUser_ValidData_ShouldSucceed" time="0.948"/>
  <testcase classname="com.api.tests.GetUserTests" name="testGetAllUsers_ShouldReturnUserList" time="1.149"/>
  <testcase classname="com.api.tests.GetUserTests" name="testGetSingleUser_InvalidId_ShouldReturn404" time="1.084"/>
  <testcase classname="com.api.tests.GetUserTests" name="testGetSingleUser_ValidId_ShouldReturnUser" time="1.005"/>
  <testcase classname="com.api.tests.UpdateUserTests" name="testUpdateUser_InvalidEmail_ShouldReturn422" time="2.196"/>
  <testcase classname="com.api.tests.UpdateUserTests" name="testUpdateUser_InvalidId_ShouldReturn404" time="0.847"/>
  <testcase classname="com.api.tests.UpdateUserTests" name="testUpdateUser_ValidData_ShouldSucceed" time="2.055"/>
  <testcase classname="com.api.tests.DeleteUserTests" name="testDeleteUser_InvalidId_ShouldReturn404" time="1.068"/>
  <testcase classname="com.api.tests.DeleteUserTests" name="testDeleteUser_Twice_ShouldReturn404OnSecondAttempt" time="2.636"/>
  <testcase classname="com.api.tests.DeleteUserTests" name="testDeleteUser_ValidId_ShouldSucceed" time="2.151"/>
  <testcase classname="com.api.tests.CreatePostTests" name="testCreatePost_ShouldSucceed" time="0.712"/>
  <testcase classname="com.api.tests.GetPostTests" name="testGetAllPosts_ShouldReturnList" time="0.729"/>
  <testcase classname="com.api.tests.GetPostTests" name="testGetPostById_ShouldReturnCorrectPost" time="1.045"/>
  <testcase classname="com.api.tests.GetPostTests" name="testGetPostByInvalidId_ShouldReturn404" time="1.012"/>
  <testcase classname="com.api.tests.UpdatePostTests" name="testUpdatePostWithEmptyPayload_ShouldReturn422" time="1.05"/>
  <testcase classname="com.api.tests.UpdatePostTests" name="testUpdatePostWithInvalidId_ShouldReturn404" time="0.709"/>
  <testcase classname="com.api.tests.UpdatePostTests" name="testUpdatePostWithoutAuthToken_ShouldReturn401or404" time="0.986"/>
  <testcase classname="com.api.tests.UpdatePostTests" name="testUpdatePost_ShouldSucceed" time="0.758"/>
  <testcase classname="com.api.tests.DeletePostTests" name="testDeletePostWithInvalidId_ShouldReturn404" time="1.008"/>
  <testcase classname="com.api.tests.DeletePostTests" name="testDeletePostWithoutAuthToken_ShouldReturnUnauthorizedOrNotFound" time="1.728"/>
  <testcase classname="com.api.tests.DeletePostTests" name="testDeletePost_ShouldSucceed" time="1.009"/>
  <testcase classname="com.api.tests.DeletePostTests" name="testDeletePostTwice_ShouldReturn404" time="0.973"/>
  <testcase classname="com.api.tests.DeletePostTests" name="testGetDeletedPost_ShouldReturn404" time="1.149"/>
  <testcase classname="com.api.tests.CreateCommentTests" name="testCreateComment_InvalidEmailFormat_ShouldFail" time="0.674"/>
  <testcase classname="com.api.tests.CreateCommentTests" name="testCreateComment_InvalidPostId_ShouldFail" time="1.014"/>
  <testcase classname="com.api.tests.CreateCommentTests" name="testCreateComment_MissingBody_ShouldFail" time="1.059"/>
  <testcase classname="com.api.tests.CreateCommentTests" name="testCreateComment_MissingEmail_ShouldFail" time="1.026"/>
  <testcase classname="com.api.tests.CreateCommentTests" name="testCreateComment_MissingName_ShouldFail" time="0.699"/>
  <testcase classname="com.api.tests.CreateCommentTests" name="testCreateComment_ValidData_ShouldSucceed" time="0.733"/>
  <testcase classname="com.api.tests.GetCommentTests" name="testGetAllCommentsForPost_ShouldReturnList" time="1.028"/>
  <testcase classname="com.api.tests.GetCommentTests" name="testGetCommentById_ShouldReturnCorrectComment" time="0.698"/>
  <testcase classname="com.api.tests.GetCommentTests" name="testGetCommentByInvalidId_ShouldReturn404" time="1.186"/>
  <testcase classname="com.api.tests.UpdateCommentTests" name="testUpdateComment_ShouldSucceed" time="0.711"/>
  <testcase classname="com.api.tests.DeleteCommentTests" name="testDeleteComment_ShouldReturn204" time="1.076"/>
  <testcase classname="com.api.tests.DeleteCommentTests" name="testDeleteCommentAgain_ShouldReturn404" time="0.965"/>
  <testcase classname="com.api.tests.base.BaseTest" name="@BeforeSuite generateAllureEnvironment" time="0.0">
    <ignored/>
  </testcase> <!-- @BeforeSuite generateAllureEnvironment -->
  <testcase classname="com.api.tests.base.BaseTest" name="@BeforeSuite generateAllureEnvironment" time="0.0">
    <ignored/>
  </testcase> <!-- @BeforeSuite generateAllureEnvironment -->
  <testcase classname="com.api.tests.base.BaseTest" name="@BeforeSuite generateAllureEnvironment" time="0.0">
    <ignored/>
  </testcase> <!-- @BeforeSuite generateAllureEnvironment -->
  <testcase classname="com.api.tests.base.BaseTest" name="@BeforeSuite generateAllureEnvironment" time="0.0">
    <ignored/>
  </testcase> <!-- @BeforeSuite generateAllureEnvironment -->
  <testcase classname="com.api.tests.base.BaseTest" name="@BeforeSuite generateAllureEnvironment" time="0.0">
    <ignored/>
  </testcase> <!-- @BeforeSuite generateAllureEnvironment -->
  <testcase classname="com.api.tests.base.BaseTest" name="@BeforeSuite generateAllureEnvironment" time="0.0">
    <ignored/>
  </testcase> <!-- @BeforeSuite generateAllureEnvironment -->
  <testcase classname="com.api.tests.base.BaseTest" name="@BeforeSuite generateAllureEnvironment" time="0.0">
    <ignored/>
  </testcase> <!-- @BeforeSuite generateAllureEnvironment -->
  <testcase classname="com.api.tests.base.BaseTest" name="@BeforeSuite generateAllureEnvironment" time="0.0">
    <ignored/>
  </testcase> <!-- @BeforeSuite generateAllureEnvironment -->
  <testcase classname="com.api.tests.base.BaseTest" name="@BeforeSuite generateAllureEnvironment" time="0.0">
    <ignored/>
  </testcase> <!-- @BeforeSuite generateAllureEnvironment -->
  <testcase classname="com.api.tests.base.BaseTest" name="@BeforeSuite generateAllureEnvironment" time="0.0">
    <ignored/>
  </testcase> <!-- @BeforeSuite generateAllureEnvironment -->
  <testcase classname="com.api.tests.base.BaseTest" name="@BeforeSuite generateAllureEnvironment" time="0.0">
    <ignored/>
  </testcase> <!-- @BeforeSuite generateAllureEnvironment -->
</testsuite> <!-- 🔍 All CRUD API Tests (Create + Get + Update + Delete) -->
