<?xml version="1.0" encoding="UTF-8"?>
<!-- Generated by org.testng.reporters.JUnitReportReporter -->
<testsuite hostname="DESKTOP-TFUFUVK" failures="0" tests="7" name="test.com.api.testng.tests.BookingTest" time="10.600" errors="0" timestamp="2025-01-25T08:52:12 IST" skipped="0">
  <testcase classname="test.com.api.testng.tests.BookingTest" name="testPingHealthCheck" time="2.283"/>
  <testcase classname="test.com.api.testng.tests.BookingTest" name="testAuthCreateToken" time="1.728"/>
  <testcase classname="test.com.api.testng.tests.BookingTest" name="testCreateBooking" time="1.593"/>
  <testcase classname="test.com.api.testng.tests.BookingTest" name="testGetBookingDetails" time="1.228"/>
  <testcase classname="test.com.api.testng.tests.BookingTest" name="testUpdateBooking" time="1.302"/>
  <testcase classname="test.com.api.testng.tests.BookingTest" name="testPartialUpdateBooking" time="1.248"/>
  <testcase classname="test.com.api.testng.tests.BookingTest" name="testDeleteBooking" time="1.218"/>
</testsuite> <!-- test.com.api.testng.tests.BookingTest -->
