<?xml version="1.0" encoding="UTF-8"?>
<!-- Generated by org.testng.reporters.JUnitReportReporter -->
<testsuite hostname="DESKTOP-TFUFUVK" failures="0" tests="6" name="test.com.api.testng.tests.ImagesTest" time="8.504" errors="0" timestamp="2025-01-25T09:04:50 IST" skipped="0">
  <testcase classname="test.com.api.testng.tests.ImagesTest" name="testSearchImages" time="1.890"/>
  <testcase classname="test.com.api.testng.tests.ImagesTest" name="testUploadImage" time="3.145"/>
  <testcase classname="test.com.api.testng.tests.ImagesTest" name="testGetImageById" time="0.761"/>
  <testcase classname="test.com.api.testng.tests.ImagesTest" name="testGetImageAnalysisById" time="1.254"/>
  <testcase classname="test.com.api.testng.tests.ImagesTest" name="testGetImages" time="0.805"/>
  <testcase classname="test.com.api.testng.tests.ImagesTest" name="testDeleteImage" time="0.649"/>
</testsuite> <!-- test.com.api.testng.tests.ImagesTest -->
