<?xml version="1.0" encoding="UTF-8"?>
<!-- Generated by org.testng.reporters.JUnitReportReporter -->
<testsuite hostname="DESKTOP-TFUFUVK" failures="0" tests="6" name="test.com.api.testng.tests.ImagesTest" time="18.776" errors="0" timestamp="2025-01-22T04:07:43 IST" skipped="0">
  <testcase classname="test.com.api.testng.tests.ImagesTest" name="testSearchImages" time="2.431"/>
  <testcase classname="test.com.api.testng.tests.ImagesTest" name="testUploadImage" time="4.013"/>
  <testcase classname="test.com.api.testng.tests.ImagesTest" name="testGetImageById" time="0.751"/>
  <testcase classname="test.com.api.testng.tests.ImagesTest" name="testGetImageAnalysisById" time="10.071"/>
  <testcase classname="test.com.api.testng.tests.ImagesTest" name="testGetImages" time="0.780"/>
  <testcase classname="test.com.api.testng.tests.ImagesTest" name="testDeleteImage" time="0.730"/>
</testsuite> <!-- test.com.api.testng.tests.ImagesTest -->
