<?xml version="1.0" encoding="UTF-8"?>
<!-- Generated by org.testng.reporters.JUnitReportReporter -->
<testsuite hostname="DESKTOP-TFUFUVK" failures="0" tests="7" name="test.com.api.testng.tests.BookingTest" time="11.000" errors="0" timestamp="2025-01-22T04:07:43 IST" skipped="0">
  <testcase classname="test.com.api.testng.tests.BookingTest" name="testPingHealthCheck" time="2.617"/>
  <testcase classname="test.com.api.testng.tests.BookingTest" name="testAuthCreateToken" time="1.938"/>
  <testcase classname="test.com.api.testng.tests.BookingTest" name="testCreateBooking" time="1.467"/>
  <testcase classname="test.com.api.testng.tests.BookingTest" name="testGetBookingDetails" time="1.228"/>
  <testcase classname="test.com.api.testng.tests.BookingTest" name="testUpdateBooking" time="1.268"/>
  <testcase classname="test.com.api.testng.tests.BookingTest" name="testPartialUpdateBooking" time="1.248"/>
  <testcase classname="test.com.api.testng.tests.BookingTest" name="testDeleteBooking" time="1.234"/>
</testsuite> <!-- test.com.api.testng.tests.BookingTest -->
